加载用户数据成功！
start service...
Received user.
< 78
login
< {'session_key': 'JWL/fT48ApSl025NQBGQ5A==', 'openid': 'o3fd45AnkAJsCRmUkIvH0mb4cwsI'}
老用户： o3fd45AnkAJsCRmUkIvH0mb4cwsI
> {"type": "login", "result": 1}
< 28
cal
> {"type": "day_cal", "val": 11533}
< 31
cal
> {"type": "cal", "result": 1, "day_cal": 11533, "data": [{"val": 177, "year": 2019, "mon": 10, "day": 28, "hour": 20, "min": 57}, {"val": 1170, "year": 2019, "mon": 10, "day": 28, "hour": 20, "min": 58}, {"val": 679, "year": 2019, "mon": 10, "day": 28, "hour": 20, "min": 58}, {"val": 888, "year": 2019, "mon": 10, "day": 28, "hour": 20, "min": 58}, {"val": 1498, "year": 2019, "mon": 10, "day": 28, "hour": 20, "min": 58}, {"val": 414, "year": 2019, "mon": 10, "day": 28, "hour": 20, "min": 58}, {"val": 1470, "year": 2019, "mon": 10, "day": 28, "hour": 21, "min": 1}, {"val": 1416, "year": 2019, "mon": 10, "day": 28, "hour": 21, "min": 8}, {"val": 1057, "year": 2019, "mon": 10, "day": 28, "hour": 21, "min": 8}, {"val": 1260, "year": 2019, "mon": 10, "day": 28, "hour": 21, "min": 8}, {"val": 1173, "year": 2019, "mon": 10, "day": 28, "hour": 21, "min": 8}, {"val": 331, "year": 2019, "mon": 10, "day": 28, "hour": 21, "min": 8}]}
< 2536236
img
用户数据已经写入数据库！
> {"type": "img", "result": 1, "data": ["\u897f\u7ea2\u67ff\u7092\u86cb", "\u7ea2\u70e7\u8089", "\u9752\u83dc", "\u9e21\u817f"], "cal_val": 449}
> {"type": "day_cal", "val": 11982}
< 2536236
img
用户数据已经写入数据库！
> {"type": "img", "result": 1, "data": ["\u897f\u7ea2\u67ff\u7092\u86cb", "\u7ea2\u70e7\u8089", "\u9752\u83dc", "\u9e21\u817f"], "cal_val": 797}
> {"type": "day_cal", "val": 12779}
< 31
cal
> {"type": "cal", "result": 1, "day_cal": 12779, "data": [{"val": 177, "year": 2019, "mon": 10, "day": 28, "hour": 20, "min": 57}, {"val": 1170, "year": 2019, "mon": 10, "day": 28, "hour": 20, "min": 58}, {"val": 679, "year": 2019, "mon": 10, "day": 28, "hour": 20, "min": 58}, {"val": 888, "year": 2019, "mon": 10, "day": 28, "hour": 20, "min": 58}, {"val": 1498, "year": 2019, "mon": 10, "day": 28, "hour": 20, "min": 58}, {"val": 414, "year": 2019, "mon": 10, "day": 28, "hour": 20, "min": 58}, {"val": 1470, "year": 2019, "mon": 10, "day": 28, "hour": 21, "min": 1}, {"val": 1416, "year": 2019, "mon": 10, "day": 28, "hour": 21, "min": 8}, {"val": 1057, "year": 2019, "mon": 10, "day": 28, "hour": 21, "min": 8}, {"val": 1260, "year": 2019, "mon": 10, "day": 28, "hour": 21, "min": 8}, {"val": 1173, "year": 2019, "mon": 10, "day": 28, "hour": 21, "min": 8}, {"val": 331, "year": 2019, "mon": 10, "day": 28, "hour": 21, "min": 8}, {"val": 449, "year": 2019, "mon": 10, "day": 28, "hour": 21, "min": 17}, {"val": 797, "year": 2019, "mon": 10, "day": 28, "hour": 21, "min": 18}]}
code = 1000 (OK), reason = default_close
Connection closed.
Received user.
< 78
login
< {'session_key': 'n/krvHGTVwFb8U9WeDmFtg==', 'openid': 'o3fd45AnkAJsCRmUkIvH0mb4cwsI'}
老用户： o3fd45AnkAJsCRmUkIvH0mb4cwsI
> {"type": "login", "result": 1}
< 28
cal
> {"type": "day_cal", "val": 12779}
< 31
cal
> {"type": "cal", "result": 1, "day_cal": 12779, "data": [{"val": 177, "year": 2019, "mon": 10, "day": 28, "hour": 20, "min": 57}, {"val": 1170, "year": 2019, "mon": 10, "day": 28, "hour": 20, "min": 58}, {"val": 679, "year": 2019, "mon": 10, "day": 28, "hour": 20, "min": 58}, {"val": 888, "year": 2019, "mon": 10, "day": 28, "hour": 20, "min": 58}, {"val": 1498, "year": 2019, "mon": 10, "day": 28, "hour": 20, "min": 58}, {"val": 414, "year": 2019, "mon": 10, "day": 28, "hour": 20, "min": 58}, {"val": 1470, "year": 2019, "mon": 10, "day": 28, "hour": 21, "min": 1}, {"val": 1416, "year": 2019, "mon": 10, "day": 28, "hour": 21, "min": 8}, {"val": 1057, "year": 2019, "mon": 10, "day": 28, "hour": 21, "min": 8}, {"val": 1260, "year": 2019, "mon": 10, "day": 28, "hour": 21, "min": 8}, {"val": 1173, "year": 2019, "mon": 10, "day": 28, "hour": 21, "min": 8}, {"val": 331, "year": 2019, "mon": 10, "day": 28, "hour": 21, "min": 8}, {"val": 449, "year": 2019, "mon": 10, "day": 28, "hour": 21, "min": 17}, {"val": 797, "year": 2019, "mon": 10, "day": 28, "hour": 21, "min": 18}]}
< 31
cal
> {"type": "cal", "result": 1, "day_cal": 12779, "data": [{"val": 177, "year": 2019, "mon": 10, "day": 28, "hour": 20, "min": 57}, {"val": 1170, "year": 2019, "mon": 10, "day": 28, "hour": 20, "min": 58}, {"val": 679, "year": 2019, "mon": 10, "day": 28, "hour": 20, "min": 58}, {"val": 888, "year": 2019, "mon": 10, "day": 28, "hour": 20, "min": 58}, {"val": 1498, "year": 2019, "mon": 10, "day": 28, "hour": 20, "min": 58}, {"val": 414, "year": 2019, "mon": 10, "day": 28, "hour": 20, "min": 58}, {"val": 1470, "year": 2019, "mon": 10, "day": 28, "hour": 21, "min": 1}, {"val": 1416, "year": 2019, "mon": 10, "day": 28, "hour": 21, "min": 8}, {"val": 1057, "year": 2019, "mon": 10, "day": 28, "hour": 21, "min": 8}, {"val": 1260, "year": 2019, "mon": 10, "day": 28, "hour": 21, "min": 8}, {"val": 1173, "year": 2019, "mon": 10, "day": 28, "hour": 21, "min": 8}, {"val": 331, "year": 2019, "mon": 10, "day": 28, "hour": 21, "min": 8}, {"val": 449, "year": 2019, "mon": 10, "day": 28, "hour": 21, "min": 17}, {"val": 797, "year": 2019, "mon": 10, "day": 28, "hour": 21, "min": 18}]}
< 31
cal
> {"type": "cal", "result": 1, "day_cal": 12779, "data": [{"val": 177, "year": 2019, "mon": 10, "day": 28, "hour": 20, "min": 57}, {"val": 1170, "year": 2019, "mon": 10, "day": 28, "hour": 20, "min": 58}, {"val": 679, "year": 2019, "mon": 10, "day": 28, "hour": 20, "min": 58}, {"val": 888, "year": 2019, "mon": 10, "day": 28, "hour": 20, "min": 58}, {"val": 1498, "year": 2019, "mon": 10, "day": 28, "hour": 20, "min": 58}, {"val": 414, "year": 2019, "mon": 10, "day": 28, "hour": 20, "min": 58}, {"val": 1470, "year": 2019, "mon": 10, "day": 28, "hour": 21, "min": 1}, {"val": 1416, "year": 2019, "mon": 10, "day": 28, "hour": 21, "min": 8}, {"val": 1057, "year": 2019, "mon": 10, "day": 28, "hour": 21, "min": 8}, {"val": 1260, "year": 2019, "mon": 10, "day": 28, "hour": 21, "min": 8}, {"val": 1173, "year": 2019, "mon": 10, "day": 28, "hour": 21, "min": 8}, {"val": 331, "year": 2019, "mon": 10, "day": 28, "hour": 21, "min": 8}, {"val": 449, "year": 2019, "mon": 10, "day": 28, "hour": 21, "min": 17}, {"val": 797, "year": 2019, "mon": 10, "day": 28, "hour": 21, "min": 18}]}
< 31
cal
> {"type": "cal", "result": 1, "day_cal": 12779, "data": [{"val": 177, "year": 2019, "mon": 10, "day": 28, "hour": 20, "min": 57}, {"val": 1170, "year": 2019, "mon": 10, "day": 28, "hour": 20, "min": 58}, {"val": 679, "year": 2019, "mon": 10, "day": 28, "hour": 20, "min": 58}, {"val": 888, "year": 2019, "mon": 10, "day": 28, "hour": 20, "min": 58}, {"val": 1498, "year": 2019, "mon": 10, "day": 28, "hour": 20, "min": 58}, {"val": 414, "year": 2019, "mon": 10, "day": 28, "hour": 20, "min": 58}, {"val": 1470, "year": 2019, "mon": 10, "day": 28, "hour": 21, "min": 1}, {"val": 1416, "year": 2019, "mon": 10, "day": 28, "hour": 21, "min": 8}, {"val": 1057, "year": 2019, "mon": 10, "day": 28, "hour": 21, "min": 8}, {"val": 1260, "year": 2019, "mon": 10, "day": 28, "hour": 21, "min": 8}, {"val": 1173, "year": 2019, "mon": 10, "day": 28, "hour": 21, "min": 8}, {"val": 331, "year": 2019, "mon": 10, "day": 28, "hour": 21, "min": 8}, {"val": 449, "year": 2019, "mon": 10, "day": 28, "hour": 21, "min": 17}, {"val": 797, "year": 2019, "mon": 10, "day": 28, "hour": 21, "min": 18}]}
< 31
cal
> {"type": "cal", "result": 1, "day_cal": 12779, "data": [{"val": 177, "year": 2019, "mon": 10, "day": 28, "hour": 20, "min": 57}, {"val": 1170, "year": 2019, "mon": 10, "day": 28, "hour": 20, "min": 58}, {"val": 679, "year": 2019, "mon": 10, "day": 28, "hour": 20, "min": 58}, {"val": 888, "year": 2019, "mon": 10, "day": 28, "hour": 20, "min": 58}, {"val": 1498, "year": 2019, "mon": 10, "day": 28, "hour": 20, "min": 58}, {"val": 414, "year": 2019, "mon": 10, "day": 28, "hour": 20, "min": 58}, {"val": 1470, "year": 2019, "mon": 10, "day": 28, "hour": 21, "min": 1}, {"val": 1416, "year": 2019, "mon": 10, "day": 28, "hour": 21, "min": 8}, {"val": 1057, "year": 2019, "mon": 10, "day": 28, "hour": 21, "min": 8}, {"val": 1260, "year": 2019, "mon": 10, "day": 28, "hour": 21, "min": 8}, {"val": 1173, "year": 2019, "mon": 10, "day": 28, "hour": 21, "min": 8}, {"val": 331, "year": 2019, "mon": 10, "day": 28, "hour": 21, "min": 8}, {"val": 449, "year": 2019, "mon": 10, "day": 28, "hour": 21, "min": 17}, {"val": 797, "year": 2019, "mon": 10, "day": 28, "hour": 21, "min": 18}]}
Received user.
< 78
login
< {'session_key': 'n/krvHGTVwFb8U9WeDmFtg==', 'openid': 'o3fd45AnkAJsCRmUkIvH0mb4cwsI'}
老用户： o3fd45AnkAJsCRmUkIvH0mb4cwsI
> {"type": "login", "result": 1}
< 28
cal
> {"type": "day_cal", "val": 12779}
code = 1006 (connection closed abnormally [internal]), no reason
Connection closed.
code = 1006 (connection closed abnormally [internal]), no reason
Connection closed.
Received user.
< 78
login
< {'session_key': 'Mfamk73MII1OvF0y4F2rKw==', 'openid': 'o3fd45AnkAJsCRmUkIvH0mb4cwsI'}
老用户： o3fd45AnkAJsCRmUkIvH0mb4cwsI
> {"type": "login", "result": 1}
< 28
cal
> {"type": "day_cal", "val": 12779}
< 31
cal
> {"type": "cal", "result": 1, "day_cal": 12779, "data": [{"val": 177, "year": 2019, "mon": 10, "day": 28, "hour": 20, "min": 57}, {"val": 1170, "year": 2019, "mon": 10, "day": 28, "hour": 20, "min": 58}, {"val": 679, "year": 2019, "mon": 10, "day": 28, "hour": 20, "min": 58}, {"val": 888, "year": 2019, "mon": 10, "day": 28, "hour": 20, "min": 58}, {"val": 1498, "year": 2019, "mon": 10, "day": 28, "hour": 20, "min": 58}, {"val": 414, "year": 2019, "mon": 10, "day": 28, "hour": 20, "min": 58}, {"val": 1470, "year": 2019, "mon": 10, "day": 28, "hour": 21, "min": 1}, {"val": 1416, "year": 2019, "mon": 10, "day": 28, "hour": 21, "min": 8}, {"val": 1057, "year": 2019, "mon": 10, "day": 28, "hour": 21, "min": 8}, {"val": 1260, "year": 2019, "mon": 10, "day": 28, "hour": 21, "min": 8}, {"val": 1173, "year": 2019, "mon": 10, "day": 28, "hour": 21, "min": 8}, {"val": 331, "year": 2019, "mon": 10, "day": 28, "hour": 21, "min": 8}, {"val": 449, "year": 2019, "mon": 10, "day": 28, "hour": 21, "min": 17}, {"val": 797, "year": 2019, "mon": 10, "day": 28, "hour": 21, "min": 18}]}
< 31
cal
> {"type": "cal", "result": 1, "day_cal": 12779, "data": [{"val": 177, "year": 2019, "mon": 10, "day": 28, "hour": 20, "min": 57}, {"val": 1170, "year": 2019, "mon": 10, "day": 28, "hour": 20, "min": 58}, {"val": 679, "year": 2019, "mon": 10, "day": 28, "hour": 20, "min": 58}, {"val": 888, "year": 2019, "mon": 10, "day": 28, "hour": 20, "min": 58}, {"val": 1498, "year": 2019, "mon": 10, "day": 28, "hour": 20, "min": 58}, {"val": 414, "year": 2019, "mon": 10, "day": 28, "hour": 20, "min": 58}, {"val": 1470, "year": 2019, "mon": 10, "day": 28, "hour": 21, "min": 1}, {"val": 1416, "year": 2019, "mon": 10, "day": 28, "hour": 21, "min": 8}, {"val": 1057, "year": 2019, "mon": 10, "day": 28, "hour": 21, "min": 8}, {"val": 1260, "year": 2019, "mon": 10, "day": 28, "hour": 21, "min": 8}, {"val": 1173, "year": 2019, "mon": 10, "day": 28, "hour": 21, "min": 8}, {"val": 331, "year": 2019, "mon": 10, "day": 28, "hour": 21, "min": 8}, {"val": 449, "year": 2019, "mon": 10, "day": 28, "hour": 21, "min": 17}, {"val": 797, "year": 2019, "mon": 10, "day": 28, "hour": 21, "min": 18}]}
< 31
cal
> {"type": "cal", "result": 1, "day_cal": 12779, "data": [{"val": 177, "year": 2019, "mon": 10, "day": 28, "hour": 20, "min": 57}, {"val": 1170, "year": 2019, "mon": 10, "day": 28, "hour": 20, "min": 58}, {"val": 679, "year": 2019, "mon": 10, "day": 28, "hour": 20, "min": 58}, {"val": 888, "year": 2019, "mon": 10, "day": 28, "hour": 20, "min": 58}, {"val": 1498, "year": 2019, "mon": 10, "day": 28, "hour": 20, "min": 58}, {"val": 414, "year": 2019, "mon": 10, "day": 28, "hour": 20, "min": 58}, {"val": 1470, "year": 2019, "mon": 10, "day": 28, "hour": 21, "min": 1}, {"val": 1416, "year": 2019, "mon": 10, "day": 28, "hour": 21, "min": 8}, {"val": 1057, "year": 2019, "mon": 10, "day": 28, "hour": 21, "min": 8}, {"val": 1260, "year": 2019, "mon": 10, "day": 28, "hour": 21, "min": 8}, {"val": 1173, "year": 2019, "mon": 10, "day": 28, "hour": 21, "min": 8}, {"val": 331, "year": 2019, "mon": 10, "day": 28, "hour": 21, "min": 8}, {"val": 449, "year": 2019, "mon": 10, "day": 28, "hour": 21, "min": 17}, {"val": 797, "year": 2019, "mon": 10, "day": 28, "hour": 21, "min": 18}]}
Received user.
< 31
cal
None
< 78
login
< {'session_key': 'Mfamk73MII1OvF0y4F2rKw==', 'openid': 'o3fd45AnkAJsCRmUkIvH0mb4cwsI'}
老用户： o3fd45AnkAJsCRmUkIvH0mb4cwsI
> {"type": "login", "result": 1}
< 28
cal
> {"type": "day_cal", "val": 12779}
< 31
cal
> {"type": "cal", "result": 1, "day_cal": 12779, "data": [{"val": 177, "year": 2019, "mon": 10, "day": 28, "hour": 20, "min": 57}, {"val": 1170, "year": 2019, "mon": 10, "day": 28, "hour": 20, "min": 58}, {"val": 679, "year": 2019, "mon": 10, "day": 28, "hour": 20, "min": 58}, {"val": 888, "year": 2019, "mon": 10, "day": 28, "hour": 20, "min": 58}, {"val": 1498, "year": 2019, "mon": 10, "day": 28, "hour": 20, "min": 58}, {"val": 414, "year": 2019, "mon": 10, "day": 28, "hour": 20, "min": 58}, {"val": 1470, "year": 2019, "mon": 10, "day": 28, "hour": 21, "min": 1}, {"val": 1416, "year": 2019, "mon": 10, "day": 28, "hour": 21, "min": 8}, {"val": 1057, "year": 2019, "mon": 10, "day": 28, "hour": 21, "min": 8}, {"val": 1260, "year": 2019, "mon": 10, "day": 28, "hour": 21, "min": 8}, {"val": 1173, "year": 2019, "mon": 10, "day": 28, "hour": 21, "min": 8}, {"val": 331, "year": 2019, "mon": 10, "day": 28, "hour": 21, "min": 8}, {"val": 449, "year": 2019, "mon": 10, "day": 28, "hour": 21, "min": 17}, {"val": 797, "year": 2019, "mon": 10, "day": 28, "hour": 21, "min": 18}]}
< 31
cal
> {"type": "cal", "result": 1, "day_cal": 12779, "data": [{"val": 177, "year": 2019, "mon": 10, "day": 28, "hour": 20, "min": 57}, {"val": 1170, "year": 2019, "mon": 10, "day": 28, "hour": 20, "min": 58}, {"val": 679, "year": 2019, "mon": 10, "day": 28, "hour": 20, "min": 58}, {"val": 888, "year": 2019, "mon": 10, "day": 28, "hour": 20, "min": 58}, {"val": 1498, "year": 2019, "mon": 10, "day": 28, "hour": 20, "min": 58}, {"val": 414, "year": 2019, "mon": 10, "day": 28, "hour": 20, "min": 58}, {"val": 1470, "year": 2019, "mon": 10, "day": 28, "hour": 21, "min": 1}, {"val": 1416, "year": 2019, "mon": 10, "day": 28, "hour": 21, "min": 8}, {"val": 1057, "year": 2019, "mon": 10, "day": 28, "hour": 21, "min": 8}, {"val": 1260, "year": 2019, "mon": 10, "day": 28, "hour": 21, "min": 8}, {"val": 1173, "year": 2019, "mon": 10, "day": 28, "hour": 21, "min": 8}, {"val": 331, "year": 2019, "mon": 10, "day": 28, "hour": 21, "min": 8}, {"val": 449, "year": 2019, "mon": 10, "day": 28, "hour": 21, "min": 17}, {"val": 797, "year": 2019, "mon": 10, "day": 28, "hour": 21, "min": 18}]}
< 31
cal
> {"type": "cal", "result": 1, "day_cal": 12779, "data": [{"val": 177, "year": 2019, "mon": 10, "day": 28, "hour": 20, "min": 57}, {"val": 1170, "year": 2019, "mon": 10, "day": 28, "hour": 20, "min": 58}, {"val": 679, "year": 2019, "mon": 10, "day": 28, "hour": 20, "min": 58}, {"val": 888, "year": 2019, "mon": 10, "day": 28, "hour": 20, "min": 58}, {"val": 1498, "year": 2019, "mon": 10, "day": 28, "hour": 20, "min": 58}, {"val": 414, "year": 2019, "mon": 10, "day": 28, "hour": 20, "min": 58}, {"val": 1470, "year": 2019, "mon": 10, "day": 28, "hour": 21, "min": 1}, {"val": 1416, "year": 2019, "mon": 10, "day": 28, "hour": 21, "min": 8}, {"val": 1057, "year": 2019, "mon": 10, "day": 28, "hour": 21, "min": 8}, {"val": 1260, "year": 2019, "mon": 10, "day": 28, "hour": 21, "min": 8}, {"val": 1173, "year": 2019, "mon": 10, "day": 28, "hour": 21, "min": 8}, {"val": 331, "year": 2019, "mon": 10, "day": 28, "hour": 21, "min": 8}, {"val": 449, "year": 2019, "mon": 10, "day": 28, "hour": 21, "min": 17}, {"val": 797, "year": 2019, "mon": 10, "day": 28, "hour": 21, "min": 18}]}
Received user.
< 78
login
< {'session_key': 'Mfamk73MII1OvF0y4F2rKw==', 'openid': 'o3fd45AnkAJsCRmUkIvH0mb4cwsI'}
老用户： o3fd45AnkAJsCRmUkIvH0mb4cwsI
> {"type": "login", "result": 1}
< 28
cal
> {"type": "day_cal", "val": 12779}
< 31
cal
> {"type": "cal", "result": 1, "day_cal": 12779, "data": [{"val": 177, "year": 2019, "mon": 10, "day": 28, "hour": 20, "min": 57}, {"val": 1170, "year": 2019, "mon": 10, "day": 28, "hour": 20, "min": 58}, {"val": 679, "year": 2019, "mon": 10, "day": 28, "hour": 20, "min": 58}, {"val": 888, "year": 2019, "mon": 10, "day": 28, "hour": 20, "min": 58}, {"val": 1498, "year": 2019, "mon": 10, "day": 28, "hour": 20, "min": 58}, {"val": 414, "year": 2019, "mon": 10, "day": 28, "hour": 20, "min": 58}, {"val": 1470, "year": 2019, "mon": 10, "day": 28, "hour": 21, "min": 1}, {"val": 1416, "year": 2019, "mon": 10, "day": 28, "hour": 21, "min": 8}, {"val": 1057, "year": 2019, "mon": 10, "day": 28, "hour": 21, "min": 8}, {"val": 1260, "year": 2019, "mon": 10, "day": 28, "hour": 21, "min": 8}, {"val": 1173, "year": 2019, "mon": 10, "day": 28, "hour": 21, "min": 8}, {"val": 331, "year": 2019, "mon": 10, "day": 28, "hour": 21, "min": 8}, {"val": 449, "year": 2019, "mon": 10, "day": 28, "hour": 21, "min": 17}, {"val": 797, "year": 2019, "mon": 10, "day": 28, "hour": 21, "min": 18}]}加载用户数据成功！
start service...
Received user.
< 78
login
code: 011YS3aj1CvJmu0iME7j137N9j1YS3ak
< {'session_key': '8SmeCpW/icsnQ56TAll8mw==', 'openid': 'o3fd45AnkAJsCRmUkIvH0mb4cwsI'}
老用户： o3fd45AnkAJsCRmUkIvH0mb4cwsI
> {"type": "login", "result": 1}
< 28
cal
> {"type": "day_cal", "val": 10125}
< 31
cal
> {"type": "cal", "result": 1, "day_cal": 10125, "data": [{"val": 177, "year": 2019, "mon": 10, "day": 28, "hour": 20, "min": 57}, {"val": 1170, "year": 2019, "mon": 10, "day": 28, "hour": 20, "min": 58}, {"val": 679, "year": 2019, "mon": 10, "day": 28, "hour": 20, "min": 58}, {"val": 888, "year": 2019, "mon": 10, "day": 28, "hour": 20, "min": 58}, {"val": 1498, "year": 2019, "mon": 10, "day": 28, "hour": 20, "min": 58}, {"val": 414, "year": 2019, "mon": 10, "day": 28, "hour": 20, "min": 58}, {"val": 1470, "year": 2019, "mon": 10, "day": 28, "hour": 21, "min": 1}, {"val": 1416, "year": 2019, "mon": 10, "day": 28, "hour": 21, "min": 8}, {"val": 1057, "year": 2019, "mon": 10, "day": 28, "hour": 21, "min": 8}, {"val": 1260, "year": 2019, "mon": 10, "day": 28, "hour": 21, "min": 8}, {"val": 1173, "year": 2019, "mon": 10, "day": 28, "hour": 21, "min": 8}, {"val": 331, "year": 2019, "mon": 10, "day": 28, "hour": 21, "min": 8}, {"val": 449, "year": 2019, "mon": 10, "day": 28, "hour": 21, "min": 17}, {"val": 797, "year": 2019, "mon": 10, "day": 28, "hour": 21, "min": 18}, {"val": 171, "year": 2019, "mon": 10, "day": 30, "hour": 9, "min": 18}, {"val": 577, "year": 2019, "mon": 10, "day": 30, "hour": 9, "min": 28}, {"val": 646, "year": 2019, "mon": 11, "day": 8, "hour": 16, "min": 1}, {"val": 957, "year": 2019, "mon": 11, "day": 8, "hour": 16, "min": 3}, {"val": 381, "year": 2019, "mon": 11, "day": 8, "hour": 16, "min": 6}, {"val": 1070, "year": 2019, "mon": 11, "day": 8, "hour": 16, "min": 7}, {"val": 968, "year": 2019, "mon": 11, "day": 8, "hour": 16, "min": 9}, {"val": 428, "year": 2019, "mon": 11, "day": 8, "hour": 16, "min": 9}, {"val": 278, "year": 2019, "mon": 11, "day": 8, "hour": 16, "min": 9}, {"val": 192, "year": 2019, "mon": 11, "day": 8, "hour": 16, "min": 24}, {"val": 892, "year": 2019, "mon": 11, "day": 8, "hour": 16, "min": 24}, {"val": 1565, "year": 2019, "mon": 11, "day": 8, "hour": 16, "min": 25}, {"val": 1393, "year": 2019, "mon": 11, "day": 8, "hour": 16, "min": 28}, {"val": 1355, "year": 2019, "mon": 11, "day": 8, "hour": 16, "min": 28}]}
< 31
cal
> {"type": "cal", "result": 1, "day_cal": 10125, "data": [{"val": 177, "year": 2019, "mon": 10, "day": 28, "hour": 20, "min": 57}, {"val": 1170, "year": 2019, "mon": 10, "day": 28, "hour": 20, "min": 58}, {"val": 679, "year": 2019, "mon": 10, "day": 28, "hour": 20, "min": 58}, {"val": 888, "year": 2019, "mon": 10, "day": 28, "hour": 20, "min": 58}, {"val": 1498, "year": 2019, "mon": 10, "day": 28, "hour": 20, "min": 58}, {"val": 414, "year": 2019, "mon": 10, "day": 28, "hour": 20, "min": 58}, {"val": 1470, "year": 2019, "mon": 10, "day": 28, "hour": 21, "min": 1}, {"val": 1416, "year": 2019, "mon": 10, "day": 28, "hour": 21, "min": 8}, {"val": 1057, "year": 2019, "mon": 10, "day": 28, "hour": 21, "min": 8}, {"val": 1260, "year": 2019, "mon": 10, "day": 28, "hour": 21, "min": 8}, {"val": 1173, "year": 2019, "mon": 10, "day": 28, "hour": 21, "min": 8}, {"val": 331, "year": 2019, "mon": 10, "day": 28, "hour": 21, "min": 8}, {"val": 449, "year": 2019, "mon": 10, "day": 28, "hour": 21, "min": 17}, {"val": 797, "year": 2019, "mon": 10, "day": 28, "hour": 21, "min": 18}, {"val": 171, "year": 2019, "mon": 10, "day": 30, "hour": 9, "min": 18}, {"val": 577, "year": 2019, "mon": 10, "day": 30, "hour": 9, "min": 28}, {"val": 646, "year": 2019, "mon": 11, "day": 8, "hour": 16, "min": 1}, {"val": 957, "year": 2019, "mon": 11, "day": 8, "hour": 16, "min": 3}, {"val": 381, "year": 2019, "mon": 11, "day": 8, "hour": 16, "min": 6}, {"val": 1070, "year": 2019, "mon": 11, "day": 8, "hour": 16, "min": 7}, {"val": 968, "year": 2019, "mon": 11, "day": 8, "hour": 16, "min": 9}, {"val": 428, "year": 2019, "mon": 11, "day": 8, "hour": 16, "min": 9}, {"val": 278, "year": 2019, "mon": 11, "day": 8, "hour": 16, "min": 9}, {"val": 192, "year": 2019, "mon": 11, "day": 8, "hour": 16, "min": 24}, {"val": 892, "year": 2019, "mon": 11, "day": 8, "hour": 16, "min": 24}, {"val": 1565, "year": 2019, "mon": 11, "day": 8, "hour": 16, "min": 25}, {"val": 1393, "year": 2019, "mon": 11, "day": 8, "hour": 16, "min": 28}, {"val": 1355, "year": 2019, "mon": 11, "day": 8, "hour": 16, "min": 28}]}
< 31
cal
> {"type": "cal", "result": 1, "day_cal": 10125, "data": [{"val": 177, "year": 2019, "mon": 10, "day": 28, "hour": 20, "min": 57}, {"val": 1170, "year": 2019, "mon": 10, "day": 28, "hour": 20, "min": 58}, {"val": 679, "year": 2019, "mon": 10, "day": 28, "hour": 20, "min": 58}, {"val": 888, "year": 2019, "mon": 10, "day": 28, "hour": 20, "min": 58}, {"val": 1498, "year": 2019, "mon": 10, "day": 28, "hour": 20, "min": 58}, {"val": 414, "year": 2019, "mon": 10, "day": 28, "hour": 20, "min": 58}, {"val": 1470, "year": 2019, "mon": 10, "day": 28, "hour": 21, "min": 1}, {"val": 1416, "year": 2019, "mon": 10, "day": 28, "hour": 21, "min": 8}, {"val": 1057, "year": 2019, "mon": 10, "day": 28, "hour": 21, "min": 8}, {"val": 1260, "year": 2019, "mon": 10, "day": 28, "hour": 21, "min": 8}, {"val": 1173, "year": 2019, "mon": 10, "day": 28, "hour": 21, "min": 8}, {"val": 331, "year": 2019, "mon": 10, "day": 28, "hour": 21, "min": 8}, {"val": 449, "year": 2019, "mon": 10, "day": 28, "hour": 21, "min": 17}, {"val": 797, "year": 2019, "mon": 10, "day": 28, "hour": 21, "min": 18}, {"val": 171, "year": 2019, "mon": 10, "day": 30, "hour": 9, "min": 18}, {"val": 577, "year": 2019, "mon": 10, "day": 30, "hour": 9, "min": 28}, {"val": 646, "year": 2019, "mon": 11, "day": 8, "hour": 16, "min": 1}, {"val": 957, "year": 2019, "mon": 11, "day": 8, "hour": 16, "min": 3}, {"val": 381, "year": 2019, "mon": 11, "day": 8, "hour": 16, "min": 6}, {"val": 1070, "year": 2019, "mon": 11, "day": 8, "hour": 16, "min": 7}, {"val": 968, "year": 2019, "mon": 11, "day": 8, "hour": 16, "min": 9}, {"val": 428, "year": 2019, "mon": 11, "day": 8, "hour": 16, "min": 9}, {"val": 278, "year": 2019, "mon": 11, "day": 8, "hour": 16, "min": 9}, {"val": 192, "year": 2019, "mon": 11, "day": 8, "hour": 16, "min": 24}, {"val": 892, "year": 2019, "mon": 11, "day": 8, "hour": 16, "min": 24}, {"val": 1565, "year": 2019, "mon": 11, "day": 8, "hour": 16, "min": 25}, {"val": 1393, "year": 2019, "mon": 11, "day": 8, "hour": 16, "min": 28}, {"val": 1355, "year": 2019, "mon": 11, "day": 8, "hour": 16, "min": 28}]}
< 268458
img
(583, 368, 3) 221.04 165.65719999999996 135.2028 135.2028
(583, 368, 3) 221.04 331.3143999999999 135.2028 135.2028
(583, 368, 3) 36.839999999999996 36.747899999999994 159.5172 135.3256
用户数据已经写入数据库！
> {"type": "img", "result": 1, "data": ["\u897f\u7ea2\u67ff\u7092\u86cb", "\u7ea2\u70e7\u8089", "\u9752\u83dc", "\u9e21\u817f"], "cal_val": 1130}
> {"type": "day_cal", "val": 11255}
code = 1000 (OK), reason = default_close
Connection closed.
Received user.
< 78
login
code: 011CCTMg2r34pH0nAqJg2730Ng2CCTMG
< {'session_key': '8SmeCpW/icsnQ56TAll8mw==', 'openid': 'o3fd45AnkAJsCRmUkIvH0mb4cwsI'}
老用户： o3fd45AnkAJsCRmUkIvH0mb4cwsI
> {"type": "login", "result": 1}
< 28
cal
> {"type": "day_cal", "val": 11255}
code = 1001 (going away), no reason
Connection closed.
Received user.
< 78
login
code: 0019sDW303D1zJ1V8lU30lCyW309sDWj
< {'session_key': '8SmeCpW/icsnQ56TAll8mw==', 'openid': 'o3fd45AnkAJsCRmUkIvH0mb4cwsI'}
老用户： o3fd45AnkAJsCRmUkIvH0mb4cwsI
> {"type": "login", "result": 1}
< 28
cal
> {"type": "day_cal", "val": 11255}
Received user.
< 78
login
code: 061BqpJg0XEfMw1cHNHg0cUHJg0BqpJ4
< {'session_key': '8SmeCpW/icsnQ56TAll8mw==', 'openid': 'o3fd45AnkAJsCRmUkIvH0mb4cwsI'}
老用户： o3fd45AnkAJsCRmUkIvH0mb4cwsI
> {"type": "login", "result": 1}
< 28
cal
> {"type": "day_cal", "val": 11255}
< 309158
img
(583, 368, 3) 221.04 165.65719999999996 135.2028 135.2028
(583, 368, 3) 221.04 331.3143999999999 135.2028 135.2028
(583, 368, 3) 36.839999999999996 36.747899999999994 159.5172 135.3256
用户数据已经写入数据库！
> {"type": "img", "result": 1, "data": ["\u897f\u7ea2\u67ff\u7092\u86cb", "\u7ea2\u70e7\u8089", "\u9752\u83dc", "\u9e21\u817f"], "cal_val": 755}